TN:
SF:src/hooks/useTitanBackendSync.ts
FN:12,num
FN:17,decodedToVehiclePatch
FN:43,useTitanBackendSync
FNF:3
FNH:3
FNDA:11,num
FNDA:3,decodedToVehiclePatch
FNDA:6,useTitanBackendSync
DA:1,1
DA:8,1
DA:10,1
DA:12,11
DA:13,11
DA:14,11
DA:15,11
DA:17,3
DA:18,3
DA:19,2
DA:20,2
DA:21,2
DA:22,2
DA:23,2
DA:24,2
DA:25,2
DA:26,3
DA:27,1
DA:28,1
DA:29,1
DA:30,1
DA:31,1
DA:32,1
DA:33,3
DA:34,0
DA:35,0
DA:36,0
DA:37,0
DA:38,0
DA:39,0
DA:40,0
DA:41,0
DA:43,1
DA:44,6
DA:45,6
DA:46,6
DA:47,6
DA:48,6
DA:49,6
DA:51,6
DA:52,6
DA:53,6
DA:55,6
DA:56,5
DA:57,5
DA:58,6
DA:60,6
DA:61,6
DA:62,5
DA:64,4
DA:65,4
DA:67,4
DA:68,4
DA:69,3
DA:71,3
DA:72,3
DA:74,3
DA:75,3
DA:76,3
DA:77,3
DA:78,3
DA:79,3
DA:80,5
DA:81,5
DA:83,5
DA:84,5
DA:85,3
DA:87,3
DA:88,3
DA:89,3
DA:90,3
DA:91,3
DA:92,3
DA:93,3
DA:94,3
DA:95,3
DA:96,3
DA:97,3
DA:98,3
DA:99,3
DA:100,3
DA:101,3
DA:102,6
DA:103,6
LF:84
LH:76
BRDA:12,0,0,11
BRDA:13,1,0,0
BRDA:14,2,0,0
BRDA:17,3,0,3
BRDA:18,4,0,2
BRDA:18,5,0,2
BRDA:25,6,0,1
BRDA:26,7,0,1
BRDA:32,8,0,0
BRDA:33,9,0,0
BRDA:43,10,0,6
BRDA:44,11,0,6
BRDA:45,12,0,6
BRDA:46,13,0,6
BRDA:47,14,0,6
BRDA:48,15,0,6
BRDA:49,16,0,6
BRDA:55,17,0,5
BRDA:56,18,0,1
BRDA:57,19,0,5
BRDA:60,20,0,6
BRDA:61,21,0,5
BRDA:62,22,0,1
BRDA:62,23,0,4
BRDA:65,24,0,0
BRDA:65,25,0,4
BRDA:68,26,0,1
BRDA:68,27,0,3
BRDA:72,28,0,0
BRDA:72,29,0,3
BRDA:80,30,0,0
BRDA:84,31,0,0
BRDA:84,32,0,3
BRDA:76,33,0,4
BRDA:83,34,0,6
BRDA:94,35,0,12
BRF:36
BRH:28
end_of_record
TN:
SF:src/lib/apidRegistry.ts
FN:61,getApidName
FN:65,getApidNodeId
FNF:2
FNH:2
FNDA:11,getApidName
FNDA:3,getApidNodeId
DA:1,1
DA:2,1
DA:3,1
DA:4,1
DA:5,1
DA:6,1
DA:7,1
DA:8,1
DA:9,1
DA:10,1
DA:11,1
DA:12,1
DA:13,1
DA:14,1
DA:15,1
DA:16,1
DA:17,1
DA:18,1
DA:19,1
DA:20,1
DA:21,1
DA:22,1
DA:23,1
DA:25,1
DA:26,1
DA:27,1
DA:29,1
DA:30,1
DA:31,1
DA:32,1
DA:33,1
DA:35,1
DA:36,1
DA:37,1
DA:38,1
DA:39,1
DA:41,1
DA:42,1
DA:43,1
DA:44,1
DA:45,1
DA:46,1
DA:47,1
DA:48,1
DA:49,1
DA:50,1
DA:51,1
DA:52,1
DA:53,1
DA:54,1
DA:55,1
DA:56,1
DA:57,1
DA:58,1
DA:59,1
DA:61,1
DA:62,11
DA:63,11
DA:65,1
DA:66,3
DA:67,3
LF:61
LH:61
BRDA:61,0,0,11
BRDA:62,1,0,1
BRDA:65,2,0,3
BRDA:66,3,0,1
BRF:4
BRH:4
end_of_record
TN:
SF:src/lib/hkDecoder.ts
FN:1,readU16LE
FN:6,readU32LE
FN:16,readF32LE
FN:24,readU32BE
FN:34,readF64BE
FN:42,hexDump
FN:48,decodeHkFrame
FNF:7
FNH:7
FNDA:30,readU16LE
FNDA:7,readU32LE
FNDA:75,readF32LE
FNDA:6,readU32BE
FNDA:2,readF64BE
FNDA:1,hexDump
FNDA:33,decodeHkFrame
DA:1,30
DA:2,30
DA:3,30
DA:4,30
DA:6,7
DA:7,7
DA:8,7
DA:9,7
DA:10,7
DA:11,7
DA:12,7
DA:14,7
DA:16,75
DA:17,75
DA:18,75
DA:19,75
DA:20,75
DA:21,75
DA:22,75
DA:24,6
DA:25,6
DA:26,6
DA:27,6
DA:28,6
DA:29,6
DA:30,6
DA:32,6
DA:34,2
DA:35,2
DA:36,2
DA:37,2
DA:38,2
DA:39,2
DA:40,2
DA:42,1
DA:43,1
DA:44,1
DA:48,1
DA:49,33
DA:50,33
DA:51,1
DA:52,1
DA:53,1
DA:54,1
DA:55,1
DA:56,1
DA:57,33
DA:58,1
DA:59,1
DA:60,1
DA:61,1
DA:62,1
DA:63,1
DA:64,1
DA:65,1
DA:66,1
DA:67,1
DA:68,1
DA:69,33
DA:70,1
DA:71,1
DA:72,1
DA:73,1
DA:74,1
DA:75,1
DA:76,33
DA:77,1
DA:78,1
DA:79,1
DA:80,1
DA:81,1
DA:82,1
DA:83,1
DA:84,1
DA:85,33
DA:86,2
DA:87,2
DA:88,2
DA:89,2
DA:90,2
DA:91,2
DA:92,2
DA:93,33
DA:94,1
DA:95,1
DA:96,1
DA:97,1
DA:98,1
DA:99,1
DA:100,1
DA:101,1
DA:102,33
DA:103,1
DA:104,1
DA:105,1
DA:106,1
DA:107,1
DA:108,33
DA:109,2
DA:110,2
DA:111,2
DA:112,2
DA:113,2
DA:114,2
DA:115,2
DA:116,2
DA:117,2
DA:118,2
DA:119,33
DA:120,33
DA:121,33
DA:122,3
DA:123,3
DA:124,3
DA:125,3
DA:126,3
DA:127,3
DA:128,33
DA:129,33
DA:130,33
DA:131,33
DA:132,33
DA:133,1
DA:134,1
DA:135,1
DA:136,1
DA:137,1
DA:138,1
DA:139,33
DA:140,1
DA:141,1
DA:142,1
DA:143,1
DA:144,1
DA:145,1
DA:146,1
DA:147,1
DA:149,33
DA:150,33
DA:151,33
DA:152,5
DA:153,5
DA:154,5
DA:155,5
DA:156,5
DA:157,5
DA:159,33
DA:160,33
DA:161,33
DA:162,33
DA:163,33
DA:164,7
DA:165,7
DA:166,7
DA:167,7
DA:168,7
DA:169,7
DA:171,33
DA:172,33
DA:173,33
DA:174,33
DA:175,5
DA:176,5
DA:177,5
DA:178,5
DA:179,5
DA:180,5
DA:181,5
DA:182,5
DA:183,33
DA:184,1
DA:185,33
DA:186,33
LF:173
LH:173
BRDA:1,0,0,30
BRDA:2,1,0,0
BRDA:3,2,0,0
BRDA:3,3,0,0
BRDA:6,4,0,7
BRDA:7,5,0,0
BRDA:9,6,0,0
BRDA:10,7,0,0
BRDA:11,8,0,0
BRDA:12,9,0,0
BRDA:16,10,0,75
BRDA:17,11,0,0
BRDA:20,12,0,300
BRDA:20,13,0,0
BRDA:24,14,0,6
BRDA:25,15,0,0
BRDA:27,16,0,0
BRDA:28,17,0,0
BRDA:29,18,0,0
BRDA:30,19,0,0
BRDA:34,20,0,2
BRDA:35,21,0,0
BRDA:38,22,0,16
BRDA:38,23,0,0
BRDA:42,24,0,1
BRDA:43,25,0,4
BRDA:48,26,0,33
BRDA:50,27,0,1
BRDA:57,28,0,1
BRDA:69,29,0,1
BRDA:76,30,0,1
BRDA:85,31,0,2
BRDA:86,32,0,0
BRDA:88,33,0,1
BRDA:88,34,0,1
BRDA:89,35,0,0
BRDA:93,36,0,1
BRDA:102,37,0,1
BRDA:108,38,0,2
BRDA:109,39,0,0
BRDA:111,40,0,1
BRDA:111,41,0,1
BRDA:112,42,0,1
BRDA:112,43,0,1
BRDA:113,44,0,1
BRDA:113,45,0,1
BRDA:119,46,0,1
BRDA:120,47,0,2
BRDA:121,48,0,3
BRDA:128,49,0,1
BRDA:129,50,0,1
BRDA:130,51,0,1
BRDA:131,52,0,1
BRDA:132,53,0,1
BRDA:139,54,0,1
BRDA:141,55,0,0
BRDA:149,56,0,3
BRDA:150,57,0,4
BRDA:151,58,0,5
BRDA:159,59,0,3
BRDA:160,60,0,4
BRDA:161,61,0,5
BRDA:162,62,0,6
BRDA:163,63,0,7
BRDA:171,64,0,2
BRDA:172,65,0,3
BRDA:173,66,0,4
BRDA:174,67,0,5
BRDA:176,68,0,0
BRDA:183,69,0,1
BRF:70
BRH:48
end_of_record
TN:
SF:src/lib/titanCommGenerator.ts
FN:5,rnd
FN:9,rndInt
FN:13,uavFields
FN:23,roverFields
FN:33,cryobotFields
FN:42,apidName
FN:50,buildTitanCommEvent
FN:71,pickRandomTitanPair
FNF:8
FNH:8
FNDA:31,rnd
FNDA:23,rndInt
FNDA:5,uavFields
FNDA:1,roverFields
FNDA:1,cryobotFields
FNDA:7,apidName
FNDA:7,buildTitanCommEvent
FNDA:3,pickRandomTitanPair
DA:3,1
DA:5,31
DA:6,31
DA:7,31
DA:9,23
DA:10,23
DA:11,23
DA:13,5
DA:14,5
DA:15,5
DA:16,5
DA:17,5
DA:18,5
DA:19,5
DA:20,5
DA:21,5
DA:23,1
DA:24,1
DA:25,1
DA:26,1
DA:27,1
DA:28,1
DA:29,1
DA:30,1
DA:31,1
DA:33,1
DA:34,1
DA:35,1
DA:36,1
DA:37,1
DA:38,1
DA:39,1
DA:40,1
DA:42,7
DA:43,7
DA:44,7
DA:45,7
DA:46,7
DA:47,7
DA:48,7
DA:50,1
DA:51,7
DA:52,7
DA:53,7
DA:54,7
DA:55,7
DA:56,7
DA:57,7
DA:58,7
DA:59,7
DA:60,7
DA:61,7
DA:62,7
DA:63,7
DA:64,7
DA:65,7
DA:66,7
DA:67,7
DA:68,7
DA:69,7
DA:71,1
DA:72,3
DA:73,1
DA:74,1
DA:75,1
DA:76,3
DA:77,1
DA:78,1
LF:68
LH:68
BRDA:5,0,0,31
BRDA:9,1,0,23
BRDA:13,2,0,5
BRDA:23,3,0,1
BRDA:33,4,0,1
BRDA:42,5,0,7
BRDA:44,6,0,5
BRDA:45,7,0,1
BRDA:46,8,0,1
BRDA:50,9,0,7
BRDA:55,10,0,5
BRDA:56,11,0,1
BRDA:57,12,0,1
BRDA:71,13,0,3
BRDA:72,14,0,2
BRDA:72,15,0,1
BRDA:76,16,0,0
BRDA:76,17,0,1
BRDA:74,18,0,3
BRF:19
BRH:18
end_of_record
TN:
SF:src/panels/TitanPacketPanel.tsx
FN:4,formatTs
FN:13,apidHex
FN:17,PacketRow
FN:52,TitanPacketPanel
FNF:4
FNH:4
FNDA:6,formatTs
FNDA:6,apidHex
FNDA:6,PacketRow
FNDA:8,TitanPacketPanel
DA:1,1
DA:4,6
DA:5,6
DA:6,6
DA:7,6
DA:8,6
DA:9,6
DA:10,6
DA:11,6
DA:13,6
DA:14,6
DA:15,6
DA:17,6
DA:18,6
DA:19,6
DA:20,6
DA:21,6
DA:22,6
DA:24,6
DA:25,6
DA:26,6
DA:28,6
DA:29,6
DA:30,6
DA:31,6
DA:32,6
DA:33,6
DA:34,6
DA:35,6
DA:37,6
DA:38,6
DA:39,6
DA:40,6
DA:41,6
DA:42,6
DA:43,6
DA:44,6
DA:45,6
DA:46,6
DA:47,6
DA:48,6
DA:50,6
DA:52,1
DA:53,8
DA:55,8
DA:56,8
DA:57,8
DA:58,8
DA:59,8
DA:60,8
DA:62,8
DA:63,8
DA:64,24
DA:65,24
DA:66,24
DA:67,24
DA:68,8
DA:69,8
DA:71,8
DA:72,8
DA:73,3
DA:75,3
DA:77,5
DA:79,8
DA:80,8
DA:82,8
LF:66
LH:66
BRDA:4,0,0,6
BRDA:13,1,0,6
BRDA:17,2,0,6
BRDA:21,3,0,5
BRDA:21,4,0,1
BRDA:22,5,0,0
BRDA:39,6,0,5
BRDA:39,7,0,1
BRDA:41,8,0,0
BRDA:44,9,0,5
BRDA:44,10,0,1
BRDA:18,11,0,18
BRDA:19,12,0,17
BRDA:20,13,0,36
BRDA:25,14,0,11
BRDA:52,15,0,8
BRDA:72,16,0,3
BRDA:75,17,0,5
BRDA:53,18,0,24
BRDA:63,19,0,24
BRDA:77,20,0,6
BRF:21
BRH:19
end_of_record
TN:
SF:src/store/marsStore.ts
FN:54,addComm
FN:57,addToLog
FN:62,expireComms
FN:67,updateVehicle
FN:72,selectVehicle
FNF:5
FNH:5
FNDA:1,addComm
FNDA:55,addToLog
FNDA:1,expireComms
FNDA:1,updateVehicle
FNDA:2,selectVehicle
DA:1,1
DA:4,1
DA:6,1
DA:7,1
DA:8,1
DA:9,1
DA:10,1
DA:11,1
DA:12,1
DA:13,1
DA:14,1
DA:15,1
DA:16,1
DA:18,1
DA:19,1
DA:20,1
DA:21,1
DA:22,1
DA:24,1
DA:25,1
DA:26,1
DA:27,1
DA:28,1
DA:29,1
DA:30,1
DA:31,1
DA:32,1
DA:33,1
DA:34,1
DA:48,1
DA:49,1
DA:50,1
DA:51,1
DA:52,1
DA:54,1
DA:55,1
DA:57,1
DA:58,55
DA:59,55
DA:60,55
DA:62,1
DA:63,1
DA:64,1
DA:65,1
DA:67,1
DA:68,1
DA:69,1
DA:70,1
DA:72,1
DA:73,1
LF:50
LH:50
BRDA:48,0,0,1
BRDA:54,1,0,1
BRDA:55,2,0,1
BRDA:57,3,0,55
BRDA:58,4,0,55
BRDA:62,5,0,1
BRDA:63,6,0,1
BRDA:64,7,0,2
BRDA:67,8,0,1
BRDA:68,9,0,1
BRDA:69,10,0,9
BRDA:69,11,0,1
BRDA:69,12,0,8
BRDA:72,13,0,2
BRF:14
BRH:14
end_of_record
TN:
SF:src/store/titanStore.ts
FN:63,addComm
FN:66,addToLog
FN:71,expireComms
FN:76,updateVehicle
FN:81,selectVehicle
FNF:5
FNH:5
FNDA:1,addComm
FNDA:55,addToLog
FNDA:1,expireComms
FNDA:1,updateVehicle
FNDA:2,selectVehicle
DA:1,1
DA:4,1
DA:6,1
DA:8,1
DA:9,1
DA:10,1
DA:11,1
DA:12,1
DA:14,1
DA:15,1
DA:16,1
DA:18,1
DA:19,1
DA:20,1
DA:21,1
DA:22,1
DA:24,1
DA:25,1
DA:26,1
DA:27,1
DA:28,1
DA:30,1
DA:31,1
DA:32,1
DA:33,1
DA:34,1
DA:35,1
DA:36,1
DA:37,1
DA:38,1
DA:39,1
DA:40,1
DA:41,1
DA:42,1
DA:43,1
DA:57,1
DA:58,3
DA:59,3
DA:60,3
DA:61,3
DA:63,3
DA:64,1
DA:66,3
DA:67,55
DA:68,55
DA:69,55
DA:71,3
DA:72,1
DA:73,1
DA:74,1
DA:76,3
DA:77,1
DA:78,1
DA:79,1
DA:81,3
DA:82,1
LF:56
LH:56
BRDA:57,0,0,3
BRDA:63,1,0,1
BRDA:64,2,0,1
BRDA:66,3,0,55
BRDA:67,4,0,55
BRDA:71,5,0,1
BRDA:72,6,0,1
BRDA:73,7,0,2
BRDA:76,8,0,1
BRDA:77,9,0,1
BRDA:78,10,0,12
BRDA:78,11,0,1
BRDA:78,12,0,11
BRDA:81,13,0,2
BRF:14
BRH:14
end_of_record
TN:
SF:src/store/uiStore.ts
FN:26,selectNode
FN:27,setSidebarTab
FN:28,setCommandState
FN:30,setActiveView
FN:33,getCommandState
FNF:5
FNH:5
FNDA:2,selectNode
FNDA:2,setSidebarTab
FNDA:1,setCommandState
FNDA:6,setActiveView
FNDA:2,getCommandState
DA:1,1
DA:18,1
DA:20,1
DA:21,1
DA:22,1
DA:23,1
DA:24,1
DA:26,1
DA:27,1
DA:28,1
DA:29,1
DA:30,1
DA:31,1
DA:33,1
DA:34,2
DA:35,2
DA:36,2
DA:37,2
DA:38,2
LF:19
LH:19
BRDA:20,0,0,1
BRDA:26,1,0,2
BRDA:27,2,0,2
BRDA:28,3,0,1
BRDA:29,4,0,1
BRDA:30,5,0,6
BRDA:33,6,0,2
BRDA:37,7,0,1
BRF:8
BRH:8
end_of_record
